2025-12-01T05:39:19.029Z INFO SharedStateManager initialized
2025-12-01T05:39:19.031Z INFO Is remote: false
2025-12-01T05:39:19.034Z INFO Starting Local. Installation path: c:\Users\Rejeti Nikhil Sharma\Downloads
2025-12-01T05:39:19.037Z INFO [MainProvider] Creating new MainProvider instance...
2025-12-01T05:39:19.039Z INFO [TabsManager] Code view listener set up at initialization
2025-12-01T05:39:19.042Z INFO Installation path exists: c:\Users\Rejeti Nikhil Sharma\Downloads
2025-12-01T05:39:19.044Z INFO Initializing database with URL: file:c:\Users\Rejeti Nikhil Sharma\Downloads\pythagora-core\data\database\pythagora.db
2025-12-01T05:39:19.051Z INFO Database file exists, skipping prisma generate/push for faster startup
2025-12-01T05:39:19.052Z INFO Database initialized successfully
2025-12-01T05:39:19.055Z INFO [Migration] Checking for database migration...
2025-12-01T05:39:20.118Z INFO [Migration] No migration needed
2025-12-01T05:39:25.943Z INFO Closing entire Pythagora extension...
2025-12-01T05:39:25.952Z ERROR Error closing extension
Error: Canceled
Stack: Canceled: Canceled
	at new ij (file:///c:/Users/Rejeti%20Nikhil%20Sharma/AppData/Local/Programs/Microsoft%20VS%20Code/resources/app/out/vs/workbench/api/node/extensionHostProcess.js:29:120021)
	at JS.U (file:///c:/Users/Rejeti%20Nikhil%20Sharma/AppData/Local/Programs/Microsoft%20VS%20Code/resources/app/out/vs/workbench/api/node/extensionHostProcess.js:29:124631)
	at s.<computed>.n.charCodeAt.s.<computed> (file:///c:/Users/Rejeti%20Nikhil%20Sharma/AppData/Local/Programs/Microsoft%20VS%20Code/resources/app/out/vs/workbench/api/node/extensionHostProcess.js:29:122125)
	at Zy.g (file:///c:/Users/Rejeti%20Nikhil%20Sharma/AppData/Local/Programs/Microsoft%20VS%20Code/resources/app/out/vs/workbench/api/node/extensionHostProcess.js:114:41133)
	at Zy.executeCommand (file:///c:/Users/Rejeti%20Nikhil%20Sharma/AppData/Local/Programs/Microsoft%20VS%20Code/resources/app/out/vs/workbench/api/node/extensionHostProcess.js:114:40637)
	at Object.executeCommand (file:///c:/Users/Rejeti%20Nikhil%20Sharma/AppData/Local/Programs/Microsoft%20VS%20Code/resources/app/out/vs/workbench/api/node/extensionHostProcess.js:210:101000)
	at closeEntirePythagoraExtension (c:\Users\Rejeti Nikhil Sharma\.vscode\extensions\pythagoratechnologies.pythagora-vs-code-2.6.9\out\extension.js:560:31)
	at Object.deactivate (c:\Users\Rejeti Nikhil Sharma\.vscode\extensions\pythagoratechnologies.pythagora-vs-code-2.6.9\out\extension.js:427:15)
	at kX.eb (file:///c:/Users/Rejeti%20Nikhil%20Sharma/AppData/Local/Programs/Microsoft%20VS%20Code/resources/app/out/vs/workbench/api/node/extensionHostProcess.js:118:11850)
	at file:///c:/Users/Rejeti%20Nikhil%20Sharma/AppData/Local/Programs/Microsoft%20VS%20Code/resources/app/out/vs/workbench/api/node/extensionHostProcess.js:118:10000
	at Array.map (<anonymous>)
	at kX.$ (file:///c:/Users/Rejeti%20Nikhil%20Sharma/AppData/Local/Programs/Microsoft%20VS%20Code/resources/app/out/vs/workbench/api/node/extensionHostProcess.js:118:9988)
	at kX.terminate (file:///c:/Users/Rejeti%20Nikhil%20Sharma/AppData/Local/Programs/Microsoft%20VS%20Code/resources/app/out/vs/workbench/api/node/extensionHostProcess.js:118:10231)
	at nN.terminate (file:///c:/Users/Rejeti%20Nikhil%20Sharma/AppData/Local/Programs/Microsoft%20VS%20Code/resources/app/out/vs/workbench/api/node/extensionHostProcess.js:120:914)
	at Fs (file:///c:/Users/Rejeti%20Nikhil%20Sharma/AppData/Local/Programs/Microsoft%20VS%20Code/resources/app/out/vs/workbench/api/node/extensionHostProcess.js:402:10411)
	at MessagePortMain.<anonymous> (file:///c:/Users/Rejeti%20Nikhil%20Sharma/AppData/Local/Programs/Microsoft%20VS%20Code/resources/app/out/vs/workbench/api/node/extensionHostProcess.js:402:6949)
	at MessagePortMain.emit (node:events:519:28)
	at MessagePortMain.emit (node:domain:489:12)
	at MessagePortMain._internalPort.emit (node:electron/js2c/utility_init:2:2949)
Extra context: {
  "message": "Canceled"
}
